app/build/outputs/mapping/release/seeds.txt
com.railfancopilot.app.ui.screens.ComposableSingletons$UpgradeScreenKt
com.railfancopilot.app.MainActivityKt
com.railfancopilot.app.data.repository.LocoIdEntryDao_Impl$1
com.railfancopilot.app.ui.screens.CommunityScreenKt$CommunityScreen$lambda$33$lambda$32$$inlined$items$default$2
com.railfancopilot.app.viewmodel.RailFanViewModel$deleteLocation$1
com.railfancopilot.app.data.repository.RailFanRepository$getSoundTransitTrains$2
com.railfancopilot.app.viewmodel.RailFanViewModel$saveMetraEnabled$1
com.railfancopilot.app.ui.screens.UpgradeScreenKt$UpgradeScreen$1$1
com.railfancopilot.app.ui.screens.PhotoScreenKt$PhotoScreen$lambda$117$lambda$116$$inlined$items$default$6
com.railfancopilot.app.viewmodel.RailFanViewModel$startAutoRefresh$1$1
com.railfancopilot.app.viewmodel.RailFanViewModel$refreshTrains$1$all$1$amtrakDeferred$1
com.railfancopilot.app.ui.screens.PhotoScreenKt$PhotoScreen$lambda$117$lambda$116$$inlined$items$default$3
com.railfancopilot.app.viewmodel.RailFanViewModel$startAutoRefresh$1
com.railfancopilot.app.ui.screens.PhotoScreenKt$PhotoScreen$17$1$10$1$1
com.railfancopilot.app.ui.screens.ProFeature
com.railfancopilot.app.data.repository.LocoIdEntryDao_Impl
com.railfancopilot.app.data.repository.RailFanRepository$reverseGeocode$1
com.railfancopilot.app.data.repository.GtfsRtProtoParser$ParsedVehicle
com.railfancopilot.app.ui.screens.ScannerScreenKt$ScannerScreen$lambda$36$lambda$35$lambda$34$$inlined$items$default$8
com.railfancopilot.app.data.repository.AnthropicMessage
com.railfancopilot.app.viewmodel.RailFanViewModel$saveTrainRadius$1$1
com.railfancopilot.app.data.repository.AnthropicRequest
com.railfancopilot.app.ui.screens.ScannerScreenKt
com.railfancopilot.app.ui.screens.SavedLocationsScreenKt$SavedLocationsScreen$4$1$3$1$1
com.railfancopilot.app.data.repository.MbtaApiService$DefaultImpls
com.railfancopilot.app.Screen$Upgrade
com.railfancopilot.app.viewmodel.RailFanViewModel$saveSeptaEnabled$1$1
com.railfancopilot.app.viewmodel.RailFanViewModel$saveTrainRadius$1
com.railfancopilot.app.viewmodel.RailFanViewModel$saveApproachEta$1
com.railfancopilot.app.viewmodel.RailFanViewModel$saveMtaMetroNorthEnabled$1
com.railfancopilot.app.ui.screens.CommunityScreenKt$SubmitReportDialog$galleryLauncher$1$1$1$1
com.railfancopilot.app.ui.screens.ScannerScreenKt$ScannerScreen$1$3$1$2$1$1$2$1$1
com.railfancopilot.app.ui.screens.PhotoScreenKt
com.railfancopilot.app.ui.screens.PhotoScreenKt$PhotoScreen$lambda$117$lambda$116$$inlined$items$default$8
com.railfancopilot.app.ui.screens.PhotoScreenKt$LocoIdHistoryCard$thumbnail$2$1
com.railfancopilot.app.ui.screens.MapScreenKt$MapScreen$3$1$3$1$5$1$1$1$1$1
com.railfancopilot.app.data.models.TrainStatus
com.railfancopilot.app.billing.ProRepository$connectBilling$1
com.railfancopilot.app.data.repository.CommunityReportDao
com.railfancopilot.app.data.repository.SymbolDecodeEntryDao_Impl$1
com.railfancopilot.app.data.models.Railroad
com.railfancopilot.app.data.repository.LocoIdEntryDao_Impl$Companion
com.railfancopilot.app.viewmodel.RailFanViewModel$saveMbtaEnabled$1$1
com.railfancopilot.app.data.repository.NetworkModule$special$$inlined$-addInterceptor$2
com.railfancopilot.app.ui.screens.EncyclopediaScreenKt$EncyclopediaScreen$lambda$20$lambda$19$lambda$18$$inlined$items$default$2
com.railfancopilot.app.ui.components.ComponentsKt$WhenMappings
com.railfancopilot.app.data.repository.PhotoMetadataDao_Impl
com.railfancopilot.app.viewmodel.RailFanViewModel$saveRefreshInterval$1
com.railfancopilot.app.viewmodel.RailFanViewModel$communityReports$lambda$6$$inlined$sortedByDescending$1
com.railfancopilot.app.data.repository.NetworkModule$special$$inlined$-addInterceptor$3
com.railfancopilot.app.viewmodel.RailFanViewModel$saveApproachEta$1$1
com.railfancopilot.app.data.repository.MbtaVehicleAttributes
com.railfancopilot.app.viewmodel.RailFanViewModel$refreshTrains$1$all$1$metraDeferred$1
com.railfancopilot.app.viewmodel.RailFanViewModel$communityReports$1
...
com.google.android.gms.common.internal.service.zah: java.lang.String getServiceDescriptor()
com.google.gson.internal.bind.TypeAdapters$34$1: java.lang.Object read(com.google.gson.stream.JsonReader)
androidx.activity.ComponentActivity: android.content.Context peekAvailableContext()
com.google.android.gms.common.internal.zzae: boolean zzg()
androidx.media.AudioAttributesImplApi26Parcelizer: void write(androidx.media.AudioAttributesImplApi26,androidx.versionedparcelable.VersionedParcel)
com.google.maps.android.compose.MapComposeViewRenderKt$startRenderingComposeView$2: void close()
com.google.android.gms.tasks.zzad: void zza()
com.google.android.gms.maps.GoogleMap: void setOnPolylineClickListener(com.google.android.gms.maps.GoogleMap$OnPolylineClickListener)
com.google.android.gms.common.api.Api$Client: void connect(com.google.android.gms.common.internal.BaseGmsClient$ConnectionProgressReportCallbacks)
com.google.android.gms.location.FusedLocationProviderApi: com.google.android.gms.location.LocationAvailability getLocationAvailability(com.google.android.gms.common.api.GoogleApiClient)
com.google.android.gms.common.internal.zzp: void zzd(android.content.ServiceConnection,android.content.ServiceConnection,java.lang.String)
com.google.android.gms.maps.internal.IStreetViewPanoramaFragmentDelegate: void onStop()
com.google.android.gms.common.internal.ClientSettings: android.accounts.Account getAccount()
androidx.core.view.WindowInsetsCompat$BuilderImpl20: WindowInsetsCompat$BuilderImpl20(androidx.core.view.WindowInsetsCompat)
androidx.fragment.app.Fragment: void setOnStartEnterTransitionListener(androidx.fragment.app.Fragment$OnStartEnterTransitionListener)
com.google.android.gms.maps.model.MapStyleOptions: void writeToParcel(android.os.Parcel,int)
androidx.core.view.ViewCompat$Api28Impl: boolean isScreenReaderFocusable(android.view.View)
com.google.android.gms.maps.internal.zzo: zzo()
com.google.gson.internal.bind.JsonTreeReader: java.lang.String locationString()
androidx.compose.ui.platform.ViewLayer: androidx.compose.ui.graphics.Path getManualClipPath()
com.google.android.gms.maps.StreetViewPanorama: void setOnStreetViewPanoramaCameraChangeListener(com.google.android.gms.maps.StreetViewPanorama$OnStreetViewPanoramaCameraChangeListener)
com.google.maps.android.compose.MapUpdaterKt$MapUpdater$2$15: void invoke(com.google.maps.android.compose.MapPropertiesNode,boolean)
com.google.maps.android.compose.MarkerNode: void setOnMarkerClick(kotlin.jvm.functions.Function1)
com.google.maps.android.compose.streetview.StreetViewPanoramaEventListeners$onClick$2: StreetViewPanoramaEventListeners$onClick$2()
com.google.android.gms.maps.model.CircleOptions: java.util.List getStrokePattern()
com.google.android.gms.maps.model.PatternItem: java.util.List zza(java.util.List)
com.google.gson.stream.JsonToken: JsonToken(java.lang.String,int)
com.google.android.gms.common.api.internal.zat: com.google.android.gms.common.api.internal.zau zab()
com.google.android.gms.maps.CameraUpdateFactory: com.google.android.gms.maps.CameraUpdate scrollBy(float,float)
com.google.android.gms.common.api.internal.zabe: java.lang.String zag(int)
com.google.android.gms.common.api.internal.TaskApiCall$Builder: com.google.android.gms.common.api.internal.TaskApiCall$Builder setFeatures(com.google.android.gms.common.Feature[])
com.google.android.gms.common.util.Base64Utils: byte[] decodeUrlSafeNoPadding(java.lang.String)
com.google.maps.android.compose.CameraPositionState: androidx.compose.runtime.saveable.Saver access$getSaver$cp()
androidx.compose.ui.platform.AndroidCompositionLocals_androidKt: androidx.compose.runtime.ProvidableCompositionLocal getLocalLifecycleOwner()
com.google.android.gms.common.AccountPicker$AccountChooserOptions: android.accounts.Account zzb(com.google.android.gms.common.AccountPicker$AccountChooserOptions)
retrofit2.Response: boolean isSuccessful()