app/build/outputs/mapping/release/usage.txt
com.railfancopilot.app.MainActivity:
    static void <clinit>()
com.railfancopilot.app.MainActivityKt$$InternalSyntheticLambda$1$9b3bbbe05d54c03645aa4c2aa1070f79cb294eac92647c073208172bb970336b$0
com.railfancopilot.app.MainActivityKt:
    public static synthetic kotlin.Unit $r8$lambda$x-09OU90umeC3yyg91e_8uW2exA(androidx.navigation.PopUpToBuilder)
com.railfancopilot.app.Screen:
    static void <clinit>()
com.railfancopilot.app.billing.ProRepository:
    static void <clinit>()
com.railfancopilot.app.data.models.Achievement:
    static void <clinit>()
com.railfancopilot.app.data.models.CommunityReport:
    static void <clinit>()
com.railfancopilot.app.data.models.LocoIdEntry:
    static void <clinit>()
com.railfancopilot.app.data.models.LocomotiveEntry:
    static void <clinit>()
com.railfancopilot.app.data.models.MapFeature:
    static void <clinit>()
com.railfancopilot.app.data.models.PhotoMetadata:
    static void <clinit>()
com.railfancopilot.app.data.models.RadioChannel:
    static void <clinit>()
com.railfancopilot.app.data.models.SafetyAlert:
    static void <clinit>()
com.railfancopilot.app.data.models.SavedLocation:
    static void <clinit>()
com.railfancopilot.app.data.models.SunInfo:
    static void <clinit>()
com.railfancopilot.app.data.models.SymbolDecodeEntry:
    static void <clinit>()
com.railfancopilot.app.data.models.TrainLocation:
    static void <clinit>()
com.railfancopilot.app.data.models.TrainSymbolDecodeResult:
    static void <clinit>()
com.railfancopilot.app.data.models.Transcript:
    static void <clinit>()
com.railfancopilot.app.data.repository.AmtrakStationJson:
    static void <clinit>()
com.railfancopilot.app.data.repository.AmtrakTrainJson:
    static void <clinit>()
com.railfancopilot.app.data.repository.AnthropicContent:
    static void <clinit>()
com.railfancopilot.app.data.repository.AnthropicMessage:
    static void <clinit>()
com.railfancopilot.app.data.repository.AnthropicRequest:
    static void <clinit>()
com.railfancopilot.app.data.repository.AnthropicResponse:
    static void <clinit>()
com.railfancopilot.app.data.repository.CommunityReportDao_Impl$$InternalSyntheticLambda$1$052ef6333fe722a0e12be71442dd5a59a2f3329806f5ccff2d20610428d8de45$0:
    public final synthetic java.lang.String f$0
com.railfancopilot.app.data.repository.CommunityReportDao_Impl$$InternalSyntheticLambda$1$0ef14379e37b1af676f557c8113a26d5124fd94734d3afa3d7c6254ff85e1801$0:
    public final synthetic java.lang.String f$0
com.railfancopilot.app.data.repository.CommunityReportDao_Impl$$InternalSyntheticLambda$1$49e46d0f8547270defa8e96db5529bae9caaa4b9fa0c1ad4a714b8570faa5111$0:
    public final synthetic java.lang.String f$0
com.railfancopilot.app.data.repository.CommunityReportDao_Impl$$InternalSyntheticLambda$1$e041c35744758c0b6a5226ac8fa8df0633c417da281164b2fd8000344b0d7fee$0:
    public final synthetic java.lang.String f$0
com.railfancopilot.app.data.repository.GtfsRtProtoParser$ParsedVehicle:
    static void <clinit>()
com.railfancopilot.app.data.repository.LocoIdEntryDao_Impl$$InternalSyntheticLambda$1$d755e4255e763e56705c7bdedba4059fc50498f3aa5c53179970e1905a31bedc$0:
    public final synthetic java.lang.String f$0
com.railfancopilot.app.data.repository.MbtaRelationshipData:
    static void <clinit>()
com.railfancopilot.app.data.repository.MbtaRelationshipWrapper:
    static void <clinit>()
com.railfancopilot.app.data.repository.MbtaVehicleAttributes:
    static void <clinit>()
com.railfancopilot.app.data.repository.MbtaVehicleData:
    static void <clinit>()
com.railfancopilot.app.data.repository.MbtaVehicleRelationships:
    static void <clinit>()
com.railfancopilot.app.data.repository.MbtaVehicleResponse:
    static void <clinit>()
com.railfancopilot.app.data.repository.NominatimAddress:
    static void <clinit>()
com.railfancopilot.app.data.repository.NominatimResult:
    static void <clinit>()
com.railfancopilot.app.data.repository.NominatimReverseResult:
    static void <clinit>()
...
androidx.compose.foundation.text.KeyboardActionScope:
    public abstract void defaultKeyboardAction-KlQnJC8(int)
androidx.compose.foundation.text.KeyboardActions$Companion:
    public static synthetic void getDefault$annotations()
androidx.compose.foundation.text.KeyboardActions:
    public static final int $stable
    public void <init>()
androidx.compose.foundation.text.KeyboardActionsKt
androidx.compose.foundation.text.KeyboardOptions$Companion:
    public static synthetic void getDefault$annotations()
    public final androidx.compose.foundation.text.KeyboardOptions getSecureTextField$foundation_release()
    public static synthetic void getSecureTextField$foundation_release$annotations()
androidx.compose.foundation.text.KeyboardOptions:
    public static final int $stable
    private void <init>(int,boolean,int,int)
    public synthetic void <init>(int,boolean,int,int,int,kotlin.jvm.internal.DefaultConstructorMarker)
    private void <init>(int,boolean,int,int,androidx.compose.ui.text.input.PlatformImeOptions)
    public synthetic void <init>(int,boolean,int,int,androidx.compose.ui.text.input.PlatformImeOptions,int,kotlin.jvm.internal.DefaultConstructorMarker)
    private void <init>(int,boolean,int,int,androidx.compose.ui.text.input.PlatformImeOptions,java.lang.Boolean,androidx.compose.ui.text.intl.LocaleList)
    public synthetic void <init>(int,boolean,int,int,androidx.compose.ui.text.input.PlatformImeOptions,java.lang.Boolean,androidx.compose.ui.text.intl.LocaleList,int,kotlin.jvm.internal.DefaultConstructorMarker)
    public synthetic void <init>(int,boolean,int,int,androidx.compose.ui.text.input.PlatformImeOptions,java.lang.Boolean,androidx.compose.ui.text.intl.LocaleList,kotlin.jvm.internal.DefaultConstructorMarker)
    public synthetic void <init>(int,boolean,int,int,androidx.compose.ui.text.input.PlatformImeOptions,kotlin.jvm.internal.DefaultConstructorMarker)
    public synthetic void <init>(int,boolean,int,int,kotlin.jvm.internal.DefaultConstructorMarker)
    public static final synthetic androidx.compose.foundation.text.KeyboardOptions access$getSecureTextField$cp()
androidx.compose.foundation.text.LegacyTextFieldState:
    public final void setSelectionBackgroundColor-8_81llA(long)
    public final void setTextDelegate(androidx.compose.foundation.text.TextDelegate)
    public final void setUntransformedText(androidx.compose.ui.text.AnnotatedString)
androidx.compose.foundation.text.LinkStateInteractionSourceObserver$collectInteractionsForLinks$2
androidx.compose.foundation.text.LinkStateInteractionSourceObserver
androidx.compose.foundation.text.LinksTextMeasurePolicy$measure$1
androidx.compose.foundation.text.LinksTextMeasurePolicy
androidx.compose.foundation.text.LongPressTextDragObserverKt$detectDragGesturesAfterLongPressWithObserver$2
androidx.compose.foundation.text.LongPressTextDragObserverKt$detectDragGesturesAfterLongPressWithObserver$3
androidx.compose.foundation.text.LongPressTextDragObserverKt$detectDragGesturesAfterLongPressWithObserver$4
androidx.compose.foundation.text.LongPressTextDragObserverKt$detectDragGesturesAfterLongPressWithObserver$5
androidx.compose.foundation.text.LongPressTextDragObserverKt:
    public static final java.lang.Object detectDragGesturesAfterLongPressWithObserver(androidx.compose.ui.input.pointer.PointerInputScope,androidx.compose.foundation.text.TextDragObserver,kotlin.coroutines.Continuation)
androidx.compose.foundation.text.MappedKeys:
    public static final int $stable
androidx.compose.foundation.text.PasswordInputTransformation
androidx.compose.foundation.text.PointerMoveDetectorKt$detectMoves$2$1
androidx.compose.foundation.text.PointerMoveDetectorKt$detectMoves$2
androidx.compose.foundation.text.PointerMoveDetectorKt
androidx.compose.foundation.text.SecureTextFieldController$focusChangeModifier$1
androidx.compose.foundation.text.SecureTextFieldController$observeHideEvents$2
androidx.compose.foundation.text.SecureTextFieldController$passwordInputTransformation$1